This file contains any messages produced by compilers while
running configure, to aid debugging if configure makes a mistake.

It was created by libmms configure 0.6.4, which was
generated by GNU Autoconf 2.69.  Invocation command line was

  $ ./configure CFLAGS=-DDEBUG -g

## --------- ##
## Platform. ##
## --------- ##

hostname = houwenbin-PC
uname -m = i686
uname -r = 1.0.18(0.48/3/2)
uname -s = MINGW32_NT-6.1
uname -v = 2012-11-21 22:34

/usr/bin/uname -p = unknown
/bin/uname -X     = unknown

/bin/arch              = unknown
/usr/bin/arch -k       = unknown
/usr/convex/getsysinfo = unknown
/usr/bin/hostinfo      = unknown
/bin/machine           = unknown
/usr/bin/oslevel       = unknown
/bin/universe          = unknown

PATH: /D/Android/MinGW/bin
PATH: .
PATH: /usr/local/bin
PATH: /mingw/bin
PATH: /bin
PATH: /c/Program Files (x86)/RBTools/bin
PATH: /c/python27
PATH: /c/python27/scripts
PATH: /c/Windows/system32
PATH: /c/Windows
PATH: /c/Windows/system32/wbem
PATH: /c/Windows/system32/windowspowershell/v1.0/
PATH: /c/program files/tortoisesvn/bin
PATH: /d/myworks/pgsql/bin
PATH: /d/android/quick-cocos2d-x/bin/win32
PATH: /c/program files/microsoft sql server/110/tools/binn/
PATH: /d/android/android-ndk-r10d
PATH: /f/opencv/build/x86/vc10/bin
PATH: /c/Program Files/nodejs/node_global
PATH: /c/Program Files/Microsoft SQL Server/120/Tools/Binn/
PATH: /c/Program Files (x86)/Windows Kits/8.1/Windows Performance Toolkit/
PATH: /e/MATLAB/R2015b/bin
PATH: /c/Program Files (x86)/GnuWin32/bin
PATH: /c/Qt/Qt5.3.2/5.3/mingw482_32/bin
PATH: /c/Program Files (x86)/Java/jdk1.7.0_75/bin
PATH: /c/Users/houwenbin/AppData/Roaming/npm
PATH: .


## ----------- ##
## Core tests. ##
## ----------- ##

configure:2238: checking for a BSD-compatible install
configure:2306: result: /bin/install -c
configure:2317: checking whether build environment is sane
configure:2367: result: yes
configure:2508: checking for a thread-safe mkdir -p
configure:2547: result: /bin/mkdir -p
configure:2560: checking for gawk
configure:2576: found /bin/gawk
configure:2587: result: gawk
configure:2598: checking whether make sets $(MAKE)
configure:2620: result: yes
configure:2716: checking for style of include used by make
configure:2744: result: GNU
configure:2815: checking for gcc
configure:2831: found /D/Android/MinGW/bin/gcc
configure:2842: result: gcc
configure:3071: checking for C compiler version
configure:3080: gcc --version >&5
gcc.exe (GCC) 4.8.1
Copyright (C) 2013 Free Software Foundation, Inc.
This is free software; see the source for copying conditions.  There is NO
warranty; not even for MERCHANTABILITY or FITNESS FOR A PARTICULAR PURPOSE.

configure:3091: $? = 0
configure:3080: gcc -v >&5
Using built-in specs.
COLLECT_GCC=d:\Android\MinGW\bin\gcc.exe
COLLECT_LTO_WRAPPER=d:/android/mingw/bin/../libexec/gcc/mingw32/4.8.1/lto-wrapper.exe
Target: mingw32
Configured with: ../gcc-4.8.1/configure --prefix=/mingw --host=mingw32 --build=mingw32 --without-pic --enable-shared --enable-static --with-gnu-ld --enable-lto --enable-libssp --disable-multilib --enable-languages=c,c++,fortran,objc,obj-c++,ada --disable-sjlj-exceptions --with-dwarf2 --disable-win32-registry --enable-libstdcxx-debug --enable-version-specific-runtime-libs --with-gmp=/usr/src/pkg/gmp-5.1.2-1-mingw32-src/bld --with-mpc=/usr/src/pkg/mpc-1.0.1-1-mingw32-src/bld --with-mpfr= --with-system-zlib --with-gnu-as --enable-decimal-float=yes --enable-libgomp --enable-threads --with-libiconv-prefix=/mingw32 --with-libintl-prefix=/mingw --disable-bootstrap LDFLAGS=-s CFLAGS=-D_USE_32BIT_TIME_T
Thread model: win32
gcc version 4.8.1 (GCC) 
configure:3091: $? = 0
configure:3080: gcc -V >&5
gcc.exe: error: unrecognized command line option '-V'
gcc.exe: fatal error: no input files
compilation terminated.
configure:3091: $? = 1
configure:3080: gcc -qversion >&5
gcc.exe: error: unrecognized command line option '-qversion'
gcc.exe: fatal error: no input files
compilation terminated.
configure:3091: $? = 1
configure:3111: checking whether the C compiler works
configure:3133: gcc -DDEBUG -g   conftest.c  >&5
configure:3137: $? = 0
configure:3185: result: yes
configure:3188: checking for C compiler default output file name
configure:3190: result: a.exe
configure:3196: checking for suffix of executables
configure:3203: gcc -o conftest.exe -DDEBUG -g   conftest.c  >&5
configure:3207: $? = 0
configure:3229: result: .exe
configure:3251: checking whether we are cross compiling
configure:3259: gcc -o conftest.exe -DDEBUG -g   conftest.c  >&5
configure:3263: $? = 0
configure:3270: ./conftest.exe
configure:3274: $? = 0
configure:3289: result: no
configure:3294: checking for suffix of object files
configure:3316: gcc -c -DDEBUG -g  conftest.c >&5
configure:3320: $? = 0
configure:3341: result: o
configure:3345: checking whether we are using the GNU C compiler
configure:3364: gcc -c -DDEBUG -g  conftest.c >&5
configure:3364: $? = 0
configure:3373: result: yes
configure:3382: checking whether gcc accepts -g
configure:3402: gcc -c -g  conftest.c >&5
configure:3402: $? = 0
configure:3443: result: yes
configure:3460: checking for gcc option to accept ISO C89
configure:3523: gcc  -c -DDEBUG -g  conftest.c >&5
configure:3523: $? = 0
configure:3536: result: none needed
configure:3558: checking dependency style of gcc
configure:3669: result: gcc3
configure:3685: checking for library containing strerror
configure:3716: gcc -o conftest.exe -DDEBUG -g   conftest.c  >&5
configure:3716: $? = 0
configure:3733: result: none required
configure:3745: checking build system type
configure:3759: result: i686-pc-mingw32
configure:3779: checking host system type
configure:3792: result: i686-pc-mingw32
configure:3860: checking for gcc
configure:3887: result: gcc
configure:4116: checking for C compiler version
configure:4125: gcc --version >&5
gcc.exe (GCC) 4.8.1
Copyright (C) 2013 Free Software Foundation, Inc.
This is free software; see the source for copying conditions.  There is NO
warranty; not even for MERCHANTABILITY or FITNESS FOR A PARTICULAR PURPOSE.

configure:4136: $? = 0
configure:4125: gcc -v >&5
Using built-in specs.
COLLECT_GCC=d:\Android\MinGW\bin\gcc.exe
COLLECT_LTO_WRAPPER=d:/android/mingw/bin/../libexec/gcc/mingw32/4.8.1/lto-wrapper.exe
Target: mingw32
Configured with: ../gcc-4.8.1/configure --prefix=/mingw --host=mingw32 --build=mingw32 --without-pic --enable-shared --enable-static --with-gnu-ld --enable-lto --enable-libssp --disable-multilib --enable-languages=c,c++,fortran,objc,obj-c++,ada --disable-sjlj-exceptions --with-dwarf2 --disable-win32-registry --enable-libstdcxx-debug --enable-version-specific-runtime-libs --with-gmp=/usr/src/pkg/gmp-5.1.2-1-mingw32-src/bld --with-mpc=/usr/src/pkg/mpc-1.0.1-1-mingw32-src/bld --with-mpfr= --with-system-zlib --with-gnu-as --enable-decimal-float=yes --enable-libgomp --enable-threads --with-libiconv-prefix=/mingw32 --with-libintl-prefix=/mingw --disable-bootstrap LDFLAGS=-s CFLAGS=-D_USE_32BIT_TIME_T
Thread model: win32
gcc version 4.8.1 (GCC) 
configure:4136: $? = 0
configure:4125: gcc -V >&5
gcc.exe: error: unrecognized command line option '-V'
gcc.exe: fatal error: no input files
compilation terminated.
configure:4136: $? = 1
configure:4125: gcc -qversion >&5
gcc.exe: error: unrecognized command line option '-qversion'
gcc.exe: fatal error: no input files
compilation terminated.
configure:4136: $? = 1
configure:4140: checking whether we are using the GNU C compiler
configure:4168: result: yes
configure:4177: checking whether gcc accepts -g
configure:4238: result: yes
configure:4255: checking for gcc option to accept ISO C89
configure:4331: result: none needed
configure:4353: checking dependency style of gcc
configure:4464: result: gcc3
configure:4484: checking how to run the C preprocessor
configure:4515: gcc -E  conftest.c
configure:4515: $? = 0
configure:4529: gcc -E  conftest.c
conftest.c:11:28: fatal error: ac_nonexistent.h: No such file or directory
 #include <ac_nonexistent.h>
                            ^
compilation terminated.
configure:4529: $? = 1
configure: failed program was:
| /* confdefs.h */
| #define PACKAGE_NAME "libmms"
| #define PACKAGE_TARNAME "libmms"
| #define PACKAGE_VERSION "0.6.4"
| #define PACKAGE_STRING "libmms 0.6.4"
| #define PACKAGE_BUGREPORT ""
| #define PACKAGE_URL ""
| #define PACKAGE "libmms"
| #define VERSION "0.6.4"
| /* end confdefs.h.  */
| #include <ac_nonexistent.h>
configure:4554: result: gcc -E
configure:4574: gcc -E  conftest.c
configure:4574: $? = 0
configure:4588: gcc -E  conftest.c
conftest.c:11:28: fatal error: ac_nonexistent.h: No such file or directory
 #include <ac_nonexistent.h>
                            ^
compilation terminated.
configure:4588: $? = 1
configure: failed program was:
| /* confdefs.h */
| #define PACKAGE_NAME "libmms"
| #define PACKAGE_TARNAME "libmms"
| #define PACKAGE_VERSION "0.6.4"
| #define PACKAGE_STRING "libmms 0.6.4"
| #define PACKAGE_BUGREPORT ""
| #define PACKAGE_URL ""
| #define PACKAGE "libmms"
| #define VERSION "0.6.4"
| /* end confdefs.h.  */
| #include <ac_nonexistent.h>
configure:4617: checking for grep that handles long lines and -e
configure:4675: result: /bin/grep
configure:4680: checking for egrep
configure:4742: result: /bin/grep -E
configure:4747: checking for ANSI C header files
configure:4767: gcc -c -DDEBUG -g  conftest.c >&5
configure:4767: $? = 0
configure:4840: gcc -o conftest.exe -DDEBUG -g   conftest.c  >&5
configure:4840: $? = 0
configure:4840: ./conftest.exe
configure:4840: $? = 0
configure:4851: result: yes
configure:4905: checking how to print strings
configure:4932: result: printf
configure:4953: checking for a sed that does not truncate output
configure:5017: result: /bin/sed
configure:5035: checking for fgrep
configure:5097: result: /bin/grep -F
configure:5132: checking for ld used by gcc
configure:5199: result: d:/android/mingw/mingw32/bin/ld.exe
configure:5206: checking if the linker (d:/android/mingw/mingw32/bin/ld.exe) is GNU ld
configure:5221: result: yes
configure:5233: checking for BSD- or MS-compatible name lister (nm)
configure:5282: result: /D/Android/MinGW/bin/nm
configure:5412: checking the name lister (/D/Android/MinGW/bin/nm) interface
configure:5419: gcc -c -DDEBUG -g  conftest.c >&5
configure:5422: /D/Android/MinGW/bin/nm "conftest.o"
configure:5425: output
00000000 b .bss
00000000 d .data
00000000 N .debug_abbrev
00000000 N .debug_aranges
00000000 N .debug_info
00000000 N .debug_line
00000000 r .rdata$zzz
00000000 t .text
00000000 B _some_variable
configure:5432: result: BSD nm
configure:5435: checking whether ln -s works
configure:5442: result: no, using cp -pR
configure:5447: checking the maximum length of command line arguments
configure:5577: result: 8192
configure:5594: checking whether the shell understands some XSI constructs
configure:5604: result: yes
configure:5608: checking whether the shell understands "+="
configure:5614: result: yes
configure:5649: checking how to convert i686-pc-mingw32 file names to i686-pc-mingw32 format
configure:5689: result: func_convert_file_msys_to_w32
configure:5696: checking how to convert i686-pc-mingw32 file names to toolchain format
configure:5716: result: func_convert_file_msys_to_w32
configure:5723: checking for d:/android/mingw/mingw32/bin/ld.exe option to reload object files
configure:5730: result: -r
configure:5804: checking for objdump
configure:5820: found /D/Android/MinGW/bin/objdump
configure:5831: result: objdump
configure:5863: checking how to recognize dependent libraries
configure:6061: result: file_magic ^x86 archive import|^x86 DLL
configure:6146: checking for dlltool
configure:6162: found /D/Android/MinGW/bin/dlltool
configure:6173: result: dlltool
configure:6206: checking how to associate runtime and link libraries
configure:6233: result: func_cygming_dll_for_implib
configure:6293: checking for ar
configure:6309: found /D/Android/MinGW/bin/ar
configure:6320: result: ar
configure:6357: checking for archiver @FILE support
configure:6374: gcc -c -DDEBUG -g  conftest.c >&5
configure:6374: $? = 0
configure:6377: ar cru libconftest.a @conftest.lst >&5
configure:6380: $? = 0
configure:6385: ar cru libconftest.a @conftest.lst >&5
d:\Android\MinGW\bin\ar.exe: conftest.o: No such file or directory
configure:6388: $? = 1
configure:6400: result: @
configure:6458: checking for strip
configure:6474: found /D/Android/MinGW/bin/strip
configure:6485: result: strip
configure:6557: checking for ranlib
configure:6573: found /D/Android/MinGW/bin/ranlib
configure:6584: result: ranlib
configure:6686: checking command to parse /D/Android/MinGW/bin/nm output from gcc object
configure:6806: gcc -c -DDEBUG -g  conftest.c >&5
configure:6809: $? = 0
configure:6813: /D/Android/MinGW/bin/nm conftest.o \| sed -n -e 's/^.*[ ]\([ABCDGIRSTW][ABCDGIRSTW]*\)[ ][ ]*\([_A-Za-z][_A-Za-z0-9]*\)\{0,1\}$/\1 \2 \2/p' | sed '/ __gnu_lto/d' \> conftest.nm
configure:6816: $? = 0
cannot find nm_test_var in conftest.nm
configure:6806: gcc -c -DDEBUG -g  conftest.c >&5
configure:6809: $? = 0
configure:6813: /D/Android/MinGW/bin/nm conftest.o \| sed -n -e 's/^.*[ ]\([ABCDGIRSTW][ABCDGIRSTW]*\)[ ][ ]*_\([_A-Za-z][_A-Za-z0-9]*\)\{0,1\}$/\1 _\2 \2/p' | sed '/ __gnu_lto/d' \> conftest.nm
configure:6816: $? = 0
configure:6882: gcc -o conftest.exe -DDEBUG -g   conftest.c conftstm.o >&5
configure:6885: $? = 0
configure:6923: result: ok
configure:6960: checking for sysroot
configure:6990: result: no
configure:7246: checking for mt
configure:7276: result: no
configure:7296: checking if : is a manifest tool
configure:7302: : '-?'
configure:7310: result: no
configure:7952: checking for sys/types.h
configure:7952: gcc -c -DDEBUG -g  conftest.c >&5
configure:7952: $? = 0
configure:7952: result: yes
configure:7952: checking for sys/stat.h
configure:7952: gcc -c -DDEBUG -g  conftest.c >&5
configure:7952: $? = 0
configure:7952: result: yes
configure:7952: checking for stdlib.h
configure:7952: gcc -c -DDEBUG -g  conftest.c >&5
configure:7952: $? = 0
configure:7952: result: yes
configure:7952: checking for string.h
configure:7952: gcc -c -DDEBUG -g  conftest.c >&5
configure:7952: $? = 0
configure:7952: result: yes
configure:7952: checking for memory.h
configure:7952: gcc -c -DDEBUG -g  conftest.c >&5
configure:7952: $? = 0
configure:7952: result: yes
configure:7952: checking for strings.h
configure:7952: gcc -c -DDEBUG -g  conftest.c >&5
configure:7952: $? = 0
configure:7952: result: yes
configure:7952: checking for inttypes.h
configure:7952: gcc -c -DDEBUG -g  conftest.c >&5
configure:7952: $? = 0
configure:7952: result: yes
configure:7952: checking for stdint.h
configure:7952: gcc -c -DDEBUG -g  conftest.c >&5
configure:7952: $? = 0
configure:7952: result: yes
configure:7952: checking for unistd.h
configure:7952: gcc -c -DDEBUG -g  conftest.c >&5
configure:7952: $? = 0
configure:7952: result: yes
configure:7966: checking for dlfcn.h
configure:7966: gcc -c -DDEBUG -g  conftest.c >&5
configure:7966: $? = 0
configure:7966: result: yes
configure:8172: checking for objdir
configure:8187: result: .libs
configure:8454: checking if gcc supports -fno-rtti -fno-exceptions
configure:8472: gcc -c -DDEBUG -g  -fno-rtti -fno-exceptions conftest.c >&5
cc1.exe: warning: command line option '-fno-rtti' is valid for C++/ObjC++ but not for C [enabled by default]
configure:8476: $? = 0
configure:8489: result: no
configure:8816: checking for gcc option to produce PIC
configure:8823: result: -DDLL_EXPORT -DPIC
configure:8831: checking if gcc PIC flag -DDLL_EXPORT -DPIC works
configure:8849: gcc -c -DDEBUG -g  -DDLL_EXPORT -DPIC -DPIC conftest.c >&5
configure:8853: $? = 0
configure:8866: result: yes
configure:8895: checking if gcc static flag -static works
configure:8923: result: yes
configure:8938: checking if gcc supports -c -o file.o
configure:8959: gcc -c -DDEBUG -g  -o out/conftest2.o conftest.c >&5
configure:8963: $? = 0
configure:8985: result: yes
configure:8993: checking if gcc supports -c -o file.o
configure:9040: result: yes
configure:9073: checking whether the gcc linker (d:/android/mingw/mingw32/bin/ld.exe) supports shared libraries
configure:10230: result: yes
configure:10267: checking whether -lc should be explicitly linked in
configure:10275: gcc -c -DDEBUG -g  conftest.c >&5
configure:10278: $? = 0
configure:10293: gcc -shared conftest.o  -v -o ./conftest -Wl,--enable-auto-image-base -Xlinker --out-implib -Xlinker conftest 2\>\&1 \| /bin/grep  -lc  \>/dev/null 2\>\&1
configure:10296: $? = 1
configure:10310: result: yes
configure:10470: checking dynamic linker characteristics
configure:11204: result: Win32 ld.exe
configure:11311: checking how to hardcode library paths into programs
configure:11336: result: immediate
configure:11876: checking whether stripping libraries is possible
configure:11881: result: yes
configure:11916: checking if libtool supports shared libraries
configure:11918: result: yes
configure:11921: checking whether to build shared libraries
configure:11942: result: yes
configure:11945: checking whether to build static libraries
configure:11949: result: yes
configure:11992: checking sys/socket.h usability
configure:11992: gcc -c -DDEBUG -g  conftest.c >&5
conftest.c:56:24: fatal error: sys/socket.h: No such file or directory
 #include <sys/socket.h>
                        ^
compilation terminated.
configure:11992: $? = 1
configure: failed program was:
| /* confdefs.h */
| #define PACKAGE_NAME "libmms"
| #define PACKAGE_TARNAME "libmms"
| #define PACKAGE_VERSION "0.6.4"
| #define PACKAGE_STRING "libmms 0.6.4"
| #define PACKAGE_BUGREPORT ""
| #define PACKAGE_URL ""
| #define PACKAGE "libmms"
| #define VERSION "0.6.4"
| #define STDC_HEADERS 1
| #define HAVE_SYS_TYPES_H 1
| #define HAVE_SYS_STAT_H 1
| #define HAVE_STDLIB_H 1
| #define HAVE_STRING_H 1
| #define HAVE_MEMORY_H 1
| #define HAVE_STRINGS_H 1
| #define HAVE_INTTYPES_H 1
| #define HAVE_STDINT_H 1
| #define HAVE_UNISTD_H 1
| #define HAVE_DLFCN_H 1
| #define LT_OBJDIR ".libs/"
| /* end confdefs.h.  */
| #include <stdio.h>
| #ifdef HAVE_SYS_TYPES_H
| # include <sys/types.h>
| #endif
| #ifdef HAVE_SYS_STAT_H
| # include <sys/stat.h>
| #endif
| #ifdef STDC_HEADERS
| # include <stdlib.h>
| # include <stddef.h>
| #else
| # ifdef HAVE_STDLIB_H
| #  include <stdlib.h>
| # endif
| #endif
| #ifdef HAVE_STRING_H
| # if !defined STDC_HEADERS && defined HAVE_MEMORY_H
| #  include <memory.h>
| # endif
| # include <string.h>
| #endif
| #ifdef HAVE_STRINGS_H
| # include <strings.h>
| #endif
| #ifdef HAVE_INTTYPES_H
| # include <inttypes.h>
| #endif
| #ifdef HAVE_STDINT_H
| # include <stdint.h>
| #endif
| #ifdef HAVE_UNISTD_H
| # include <unistd.h>
| #endif
| #include <sys/socket.h>
configure:11992: result: no
configure:11992: checking sys/socket.h presence
configure:11992: gcc -E  conftest.c
conftest.c:23:24: fatal error: sys/socket.h: No such file or directory
 #include <sys/socket.h>
                        ^
compilation terminated.
configure:11992: $? = 1
configure: failed program was:
| /* confdefs.h */
| #define PACKAGE_NAME "libmms"
| #define PACKAGE_TARNAME "libmms"
| #define PACKAGE_VERSION "0.6.4"
| #define PACKAGE_STRING "libmms 0.6.4"
| #define PACKAGE_BUGREPORT ""
| #define PACKAGE_URL ""
| #define PACKAGE "libmms"
| #define VERSION "0.6.4"
| #define STDC_HEADERS 1
| #define HAVE_SYS_TYPES_H 1
| #define HAVE_SYS_STAT_H 1
| #define HAVE_STDLIB_H 1
| #define HAVE_STRING_H 1
| #define HAVE_MEMORY_H 1
| #define HAVE_STRINGS_H 1
| #define HAVE_INTTYPES_H 1
| #define HAVE_STDINT_H 1
| #define HAVE_UNISTD_H 1
| #define HAVE_DLFCN_H 1
| #define LT_OBJDIR ".libs/"
| /* end confdefs.h.  */
| #include <sys/socket.h>
configure:11992: result: no
configure:11992: checking for sys/socket.h
configure:11992: result: no
configure:11992: checking netinet/in.h usability
configure:11992: gcc -c -DDEBUG -g  conftest.c >&5
conftest.c:56:24: fatal error: netinet/in.h: No such file or directory
 #include <netinet/in.h>
                        ^
compilation terminated.
configure:11992: $? = 1
configure: failed program was:
| /* confdefs.h */
| #define PACKAGE_NAME "libmms"
| #define PACKAGE_TARNAME "libmms"
| #define PACKAGE_VERSION "0.6.4"
| #define PACKAGE_STRING "libmms 0.6.4"
| #define PACKAGE_BUGREPORT ""
| #define PACKAGE_URL ""
| #define PACKAGE "libmms"
| #define VERSION "0.6.4"
| #define STDC_HEADERS 1
| #define HAVE_SYS_TYPES_H 1
| #define HAVE_SYS_STAT_H 1
| #define HAVE_STDLIB_H 1
| #define HAVE_STRING_H 1
| #define HAVE_MEMORY_H 1
| #define HAVE_STRINGS_H 1
| #define HAVE_INTTYPES_H 1
| #define HAVE_STDINT_H 1
| #define HAVE_UNISTD_H 1
| #define HAVE_DLFCN_H 1
| #define LT_OBJDIR ".libs/"
| /* end confdefs.h.  */
| #include <stdio.h>
| #ifdef HAVE_SYS_TYPES_H
| # include <sys/types.h>
| #endif
| #ifdef HAVE_SYS_STAT_H
| # include <sys/stat.h>
| #endif
| #ifdef STDC_HEADERS
| # include <stdlib.h>
| # include <stddef.h>
| #else
| # ifdef HAVE_STDLIB_H
| #  include <stdlib.h>
| # endif
| #endif
| #ifdef HAVE_STRING_H
| # if !defined STDC_HEADERS && defined HAVE_MEMORY_H
| #  include <memory.h>
| # endif
| # include <string.h>
| #endif
| #ifdef HAVE_STRINGS_H
| # include <strings.h>
| #endif
| #ifdef HAVE_INTTYPES_H
| # include <inttypes.h>
| #endif
| #ifdef HAVE_STDINT_H
| # include <stdint.h>
| #endif
| #ifdef HAVE_UNISTD_H
| # include <unistd.h>
| #endif
| #include <netinet/in.h>
configure:11992: result: no
configure:11992: checking netinet/in.h presence
configure:11992: gcc -E  conftest.c
conftest.c:23:24: fatal error: netinet/in.h: No such file or directory
 #include <netinet/in.h>
                        ^
compilation terminated.
configure:11992: $? = 1
configure: failed program was:
| /* confdefs.h */
| #define PACKAGE_NAME "libmms"
| #define PACKAGE_TARNAME "libmms"
| #define PACKAGE_VERSION "0.6.4"
| #define PACKAGE_STRING "libmms 0.6.4"
| #define PACKAGE_BUGREPORT ""
| #define PACKAGE_URL ""
| #define PACKAGE "libmms"
| #define VERSION "0.6.4"
| #define STDC_HEADERS 1
| #define HAVE_SYS_TYPES_H 1
| #define HAVE_SYS_STAT_H 1
| #define HAVE_STDLIB_H 1
| #define HAVE_STRING_H 1
| #define HAVE_MEMORY_H 1
| #define HAVE_STRINGS_H 1
| #define HAVE_INTTYPES_H 1
| #define HAVE_STDINT_H 1
| #define HAVE_UNISTD_H 1
| #define HAVE_DLFCN_H 1
| #define LT_OBJDIR ".libs/"
| /* end confdefs.h.  */
| #include <netinet/in.h>
configure:11992: result: no
configure:11992: checking for netinet/in.h
configure:11992: result: no
configure:11992: checking netdb.h usability
configure:11992: gcc -c -DDEBUG -g  conftest.c >&5
conftest.c:56:19: fatal error: netdb.h: No such file or directory
 #include <netdb.h>
                   ^
compilation terminated.
configure:11992: $? = 1
configure: failed program was:
| /* confdefs.h */
| #define PACKAGE_NAME "libmms"
| #define PACKAGE_TARNAME "libmms"
| #define PACKAGE_VERSION "0.6.4"
| #define PACKAGE_STRING "libmms 0.6.4"
| #define PACKAGE_BUGREPORT ""
| #define PACKAGE_URL ""
| #define PACKAGE "libmms"
| #define VERSION "0.6.4"
| #define STDC_HEADERS 1
| #define HAVE_SYS_TYPES_H 1
| #define HAVE_SYS_STAT_H 1
| #define HAVE_STDLIB_H 1
| #define HAVE_STRING_H 1
| #define HAVE_MEMORY_H 1
| #define HAVE_STRINGS_H 1
| #define HAVE_INTTYPES_H 1
| #define HAVE_STDINT_H 1
| #define HAVE_UNISTD_H 1
| #define HAVE_DLFCN_H 1
| #define LT_OBJDIR ".libs/"
| /* end confdefs.h.  */
| #include <stdio.h>
| #ifdef HAVE_SYS_TYPES_H
| # include <sys/types.h>
| #endif
| #ifdef HAVE_SYS_STAT_H
| # include <sys/stat.h>
| #endif
| #ifdef STDC_HEADERS
| # include <stdlib.h>
| # include <stddef.h>
| #else
| # ifdef HAVE_STDLIB_H
| #  include <stdlib.h>
| # endif
| #endif
| #ifdef HAVE_STRING_H
| # if !defined STDC_HEADERS && defined HAVE_MEMORY_H
| #  include <memory.h>
| # endif
| # include <string.h>
| #endif
| #ifdef HAVE_STRINGS_H
| # include <strings.h>
| #endif
| #ifdef HAVE_INTTYPES_H
| # include <inttypes.h>
| #endif
| #ifdef HAVE_STDINT_H
| # include <stdint.h>
| #endif
| #ifdef HAVE_UNISTD_H
| # include <unistd.h>
| #endif
| #include <netdb.h>
configure:11992: result: no
configure:11992: checking netdb.h presence
configure:11992: gcc -E  conftest.c
conftest.c:23:19: fatal error: netdb.h: No such file or directory
 #include <netdb.h>
                   ^
compilation terminated.
configure:11992: $? = 1
configure: failed program was:
| /* confdefs.h */
| #define PACKAGE_NAME "libmms"
| #define PACKAGE_TARNAME "libmms"
| #define PACKAGE_VERSION "0.6.4"
| #define PACKAGE_STRING "libmms 0.6.4"
| #define PACKAGE_BUGREPORT ""
| #define PACKAGE_URL ""
| #define PACKAGE "libmms"
| #define VERSION "0.6.4"
| #define STDC_HEADERS 1
| #define HAVE_SYS_TYPES_H 1
| #define HAVE_SYS_STAT_H 1
| #define HAVE_STDLIB_H 1
| #define HAVE_STRING_H 1
| #define HAVE_MEMORY_H 1
| #define HAVE_STRINGS_H 1
| #define HAVE_INTTYPES_H 1
| #define HAVE_STDINT_H 1
| #define HAVE_UNISTD_H 1
| #define HAVE_DLFCN_H 1
| #define LT_OBJDIR ".libs/"
| /* end confdefs.h.  */
| #include <netdb.h>
configure:11992: result: no
configure:11992: checking for netdb.h
configure:11992: result: no
configure:11992: checking windows.h usability
configure:11992: gcc -c -DDEBUG -g  conftest.c >&5
configure:11992: $? = 0
configure:11992: result: yes
configure:11992: checking windows.h presence
configure:11992: gcc -E  conftest.c
configure:11992: $? = 0
configure:11992: result: yes
configure:11992: checking for windows.h
configure:11992: result: yes
configure:11992: checking winsock2.h usability
configure:11992: gcc -c -DDEBUG -g  conftest.c >&5
configure:11992: $? = 0
configure:11992: result: yes
configure:11992: checking winsock2.h presence
configure:11992: gcc -E  conftest.c
configure:11992: $? = 0
configure:11992: result: yes
configure:11992: checking for winsock2.h
configure:11992: result: yes
configure:12016: checking for large file support
configure:12033: gcc -o conftest.exe -DDEBUG -g   conftest.c  >&5
configure:12033: $? = 0
configure:12033: ./conftest.exe
configure:12033: $? = 1
configure: program exited with status 1
configure: failed program was:
| /* confdefs.h */
| #define PACKAGE_NAME "libmms"
| #define PACKAGE_TARNAME "libmms"
| #define PACKAGE_VERSION "0.6.4"
| #define PACKAGE_STRING "libmms 0.6.4"
| #define PACKAGE_BUGREPORT ""
| #define PACKAGE_URL ""
| #define PACKAGE "libmms"
| #define VERSION "0.6.4"
| #define STDC_HEADERS 1
| #define HAVE_SYS_TYPES_H 1
| #define HAVE_SYS_STAT_H 1
| #define HAVE_STDLIB_H 1
| #define HAVE_STRING_H 1
| #define HAVE_MEMORY_H 1
| #define HAVE_STRINGS_H 1
| #define HAVE_INTTYPES_H 1
| #define HAVE_STDINT_H 1
| #define HAVE_UNISTD_H 1
| #define HAVE_DLFCN_H 1
| #define LT_OBJDIR ".libs/"
| #define HAVE_WINDOWS_H 1
| #define HAVE_WINSOCK2_H 1
| /* end confdefs.h.  */
| 
| #define _LARGEFILE_SOURCE
| #define _FILE_OFFSET_BITS 64
| #include <sys/types.h>
| int main () { return !(sizeof(off_t) == 8); }
| 
configure:12042: result: no
configure:12192: creating ./config.status

## ---------------------- ##
## Running config.status. ##
## ---------------------- ##

This file was extended by libmms config.status 0.6.4, which was
generated by GNU Autoconf 2.69.  Invocation command line was

  CONFIG_FILES    = 
  CONFIG_HEADERS  = 
  CONFIG_LINKS    = 
  CONFIG_COMMANDS = 
  $ ./config.status 

on houwenbin-PC

config.status:1099: creating Makefile
config.status:1099: creating pkgconfig/Makefile
config.status:1099: creating pkgconfig/libmms.pc
config.status:1099: creating src/Makefile
config.status:1099: creating libmms.spec
config.status:1099: creating config.h
config.status:1280: config.h is unchanged
config.status:1099: creating src/mms_config.h
config.status:1280: src/mms_config.h is unchanged
config.status:1328: executing depfiles commands
config.status:1328: executing libtool commands

## ---------------- ##
## Cache variables. ##
## ---------------- ##

ac_cv_build=i686-pc-mingw32
ac_cv_c_compiler_gnu=yes
ac_cv_env_CC_set=
ac_cv_env_CC_value=
ac_cv_env_CFLAGS_set=set
ac_cv_env_CFLAGS_value='-DDEBUG -g'
ac_cv_env_CPPFLAGS_set=
ac_cv_env_CPPFLAGS_value=
ac_cv_env_CPP_set=
ac_cv_env_CPP_value=
ac_cv_env_LDFLAGS_set=
ac_cv_env_LDFLAGS_value=
ac_cv_env_LIBS_set=
ac_cv_env_LIBS_value=
ac_cv_env_build_alias_set=
ac_cv_env_build_alias_value=
ac_cv_env_host_alias_set=
ac_cv_env_host_alias_value=
ac_cv_env_target_alias_set=
ac_cv_env_target_alias_value=
ac_cv_exeext=.exe
ac_cv_header_dlfcn_h=yes
ac_cv_header_inttypes_h=yes
ac_cv_header_memory_h=yes
ac_cv_header_netdb_h=no
ac_cv_header_netinet_in_h=no
ac_cv_header_stdc=yes
ac_cv_header_stdint_h=yes
ac_cv_header_stdlib_h=yes
ac_cv_header_string_h=yes
ac_cv_header_strings_h=yes
ac_cv_header_sys_socket_h=no
ac_cv_header_sys_stat_h=yes
ac_cv_header_sys_types_h=yes
ac_cv_header_unistd_h=yes
ac_cv_header_windows_h=yes
ac_cv_header_winsock2_h=yes
ac_cv_host=i686-pc-mingw32
ac_cv_objext=o
ac_cv_path_EGREP='/bin/grep -E'
ac_cv_path_FGREP='/bin/grep -F'
ac_cv_path_GREP=/bin/grep
ac_cv_path_SED=/bin/sed
ac_cv_path_install='/bin/install -c'
ac_cv_path_mkdir=/bin/mkdir
ac_cv_prog_AWK=gawk
ac_cv_prog_CPP='gcc -E'
ac_cv_prog_ac_ct_AR=ar
ac_cv_prog_ac_ct_CC=gcc
ac_cv_prog_ac_ct_DLLTOOL=dlltool
ac_cv_prog_ac_ct_OBJDUMP=objdump
ac_cv_prog_ac_ct_RANLIB=ranlib
ac_cv_prog_ac_ct_STRIP=strip
ac_cv_prog_cc_c89=
ac_cv_prog_cc_g=yes
ac_cv_prog_make_make_set=yes
ac_cv_search_strerror='none required'
am_cv_CC_dependencies_compiler_type=gcc3
lt_cv_ar_at_file=@
lt_cv_archive_cmds_need_lc=yes
lt_cv_deplibs_check_method='file_magic ^x86 archive import|^x86 DLL'
lt_cv_file_magic_cmd=func_win32_libid
lt_cv_file_magic_test_file=
lt_cv_ld_reload_flag=-r
lt_cv_nm_interface='BSD nm'
lt_cv_objdir=.libs
lt_cv_path_LD=d:/android/mingw/mingw32/bin/ld.exe
lt_cv_path_NM=/D/Android/MinGW/bin/nm
lt_cv_path_mainfest_tool=no
lt_cv_prog_compiler_c_o=yes
lt_cv_prog_compiler_pic='-DDLL_EXPORT -DPIC'
lt_cv_prog_compiler_pic_works=yes
lt_cv_prog_compiler_rtti_exceptions=no
lt_cv_prog_compiler_static_works=yes
lt_cv_prog_gnu_ld=yes
lt_cv_sharedlib_from_linklib_cmd=func_cygming_dll_for_implib
lt_cv_sys_global_symbol_pipe='sed -n -e '\''s/^.*[	 ]\([ABCDGIRSTW][ABCDGIRSTW]*\)[	 ][	 ]*_\([_A-Za-z][_A-Za-z0-9]*\)\{0,1\}$/\1 _\2 \2/p'\'' | sed '\''/ __gnu_lto/d'\'''
lt_cv_sys_global_symbol_to_c_name_address='sed -n -e '\''s/^: \([^ ]*\)[ ]*$/  {\"\1\", (void *) 0},/p'\'' -e '\''s/^[ABCDGIRSTW]* \([^ ]*\) \([^ ]*\)$/  {"\2", (void *) \&\2},/p'\'''
lt_cv_sys_global_symbol_to_c_name_address_lib_prefix='sed -n -e '\''s/^: \([^ ]*\)[ ]*$/  {\"\1\", (void *) 0},/p'\'' -e '\''s/^[ABCDGIRSTW]* \([^ ]*\) \(lib[^ ]*\)$/  {"\2", (void *) \&\2},/p'\'' -e '\''s/^[ABCDGIRSTW]* \([^ ]*\) \([^ ]*\)$/  {"lib\2", (void *) \&\2},/p'\'''
lt_cv_sys_global_symbol_to_cdecl='sed -n -e '\''s/^T .* \(.*\)$/extern int \1();/p'\'' -e '\''s/^[ABCDGIRSTW]* .* \(.*\)$/extern char \1;/p'\'''
lt_cv_sys_max_cmd_len=8192
lt_cv_to_host_file_cmd=func_convert_file_msys_to_w32
lt_cv_to_tool_file_cmd=func_convert_file_msys_to_w32

## ----------------- ##
## Output variables. ##
## ----------------- ##

ACLOCAL='${SHELL} /home/houwenbin/libmms-0.6.4/missing --run aclocal-1.11'
AMDEPBACKSLASH='\'
AMDEP_FALSE='#'
AMDEP_TRUE=''
AMTAR='$${TAR-tar}'
AR='ar'
AUTOCONF='${SHELL} /home/houwenbin/libmms-0.6.4/missing --run autoconf'
AUTOHEADER='${SHELL} /home/houwenbin/libmms-0.6.4/missing --run autoheader'
AUTOMAKE='${SHELL} /home/houwenbin/libmms-0.6.4/missing --run automake-1.11'
AWK='gawk'
CC='gcc'
CCDEPMODE='depmode=gcc3'
CFLAGS='-DDEBUG -g'
CPP='gcc -E'
CPPFLAGS=''
CYGPATH_W='echo'
DEFS='-DHAVE_CONFIG_H'
DEPDIR='.deps'
DLLTOOL='dlltool'
DSYMUTIL=''
DUMPBIN=''
ECHO_C=''
ECHO_N='-n'
ECHO_T=''
EGREP='/bin/grep -E'
EXEEXT='.exe'
FGREP='/bin/grep -F'
GREP='/bin/grep'
INSTALL_DATA='${INSTALL} -m 644'
INSTALL_PROGRAM='${INSTALL}'
INSTALL_SCRIPT='${INSTALL}'
INSTALL_STRIP_PROGRAM='$(install_sh) -c -s'
LD='d:/android/mingw/mingw32/bin/ld.exe'
LDFLAGS=''
LIBOBJS=''
LIBS=''
LIBTOOL='$(SHELL) $(top_builddir)/libtool'
LIPO=''
LN_S='cp -pR'
LTLIBOBJS=''
MAKEINFO='${SHELL} /home/houwenbin/libmms-0.6.4/missing --run makeinfo'
MANIFEST_TOOL=':'
MKDIR_P='/bin/mkdir -p'
MMS_CFLAGS='-DWINVER=0x0600 -D_WIN32_WINNT=0x0600'
MMS_LIBS=' -lws2_32'
MMS_PKG_CFLAGS=''
NM='/D/Android/MinGW/bin/nm'
NMEDIT=''
OBJDUMP='objdump'
OBJEXT='o'
OTOOL64=''
OTOOL=''
PACKAGE='libmms'
PACKAGE_BUGREPORT=''
PACKAGE_NAME='libmms'
PACKAGE_STRING='libmms 0.6.4'
PACKAGE_TARNAME='libmms'
PACKAGE_URL=''
PACKAGE_VERSION='0.6.4'
PATH_SEPARATOR=':'
RANLIB='ranlib'
SED='/bin/sed'
SET_MAKE=''
SHELL='/bin/sh'
STRIP='strip'
VERSION='0.6.4'
ac_ct_AR='ar'
ac_ct_CC='gcc'
ac_ct_DUMPBIN=''
am__EXEEXT_FALSE='#'
am__EXEEXT_TRUE=''
am__fastdepCC_FALSE='#'
am__fastdepCC_TRUE=''
am__include='include'
am__isrc=''
am__leading_dot='.'
am__nodep='_no'
am__quote=''
am__tar='$${TAR-tar} chof - "$$tardir"'
am__untar='$${TAR-tar} xf -'
bindir='${exec_prefix}/bin'
build='i686-pc-mingw32'
build_alias=''
build_cpu='i686'
build_os='mingw32'
build_vendor='pc'
datadir='${datarootdir}'
datarootdir='${prefix}/share'
docdir='${datarootdir}/doc/${PACKAGE_TARNAME}'
dvidir='${docdir}'
exec_prefix='${prefix}'
host='i686-pc-mingw32'
host_alias=''
host_cpu='i686'
host_os='mingw32'
host_vendor='pc'
htmldir='${docdir}'
includedir='${prefix}/include'
infodir='${datarootdir}/info'
install_sh='${SHELL} /home/houwenbin/libmms-0.6.4/install-sh'
libdir='${exec_prefix}/lib'
libexecdir='${exec_prefix}/libexec'
localedir='${datarootdir}/locale'
localstatedir='${prefix}/var'
mandir='${datarootdir}/man'
mkdir_p='/bin/mkdir -p'
oldincludedir='/usr/include'
pdfdir='${docdir}'
prefix='/usr/local'
program_transform_name='s,x,x,'
psdir='${docdir}'
sbindir='${exec_prefix}/sbin'
sharedstatedir='${prefix}/com'
sysconfdir='${prefix}/etc'
target_alias=''

## ----------- ##
## confdefs.h. ##
## ----------- ##

/* confdefs.h */
#define PACKAGE_NAME "libmms"
#define PACKAGE_TARNAME "libmms"
#define PACKAGE_VERSION "0.6.4"
#define PACKAGE_STRING "libmms 0.6.4"
#define PACKAGE_BUGREPORT ""
#define PACKAGE_URL ""
#define PACKAGE "libmms"
#define VERSION "0.6.4"
#define STDC_HEADERS 1
#define HAVE_SYS_TYPES_H 1
#define HAVE_SYS_STAT_H 1
#define HAVE_STDLIB_H 1
#define HAVE_STRING_H 1
#define HAVE_MEMORY_H 1
#define HAVE_STRINGS_H 1
#define HAVE_INTTYPES_H 1
#define HAVE_STDINT_H 1
#define HAVE_UNISTD_H 1
#define HAVE_DLFCN_H 1
#define LT_OBJDIR ".libs/"
#define HAVE_WINDOWS_H 1
#define HAVE_WINSOCK2_H 1

configure: exit 0
