This file contains any messages produced by compilers while
running configure, to aid debugging if configure makes a mistake.

It was created by libccv configure 0.6, which was
generated by GNU Autoconf 2.69.  Invocation command line was

  $ ./configure 

## --------- ##
## Platform. ##
## --------- ##

hostname = houwenbin-PC
uname -m = i686
uname -r = 1.0.11(0.46/3/2)
uname -s = MINGW32_NT-6.1
uname -v = 2009-07-11 17:46

/usr/bin/uname -p = unknown
/bin/uname -X     = unknown

/bin/arch              = unknown
/usr/bin/arch -k       = unknown
/usr/convex/getsysinfo = unknown
/usr/bin/hostinfo      = unknown
/bin/machine           = unknown
/usr/bin/oslevel       = unknown
/bin/universe          = unknown

PATH: .
PATH: /usr/local/bin
PATH: /mingw/bin
PATH: /bin
PATH: /d/Android/TDM-GCC-32/bin
PATH: /d/Android/TDM-GCC-32/bin
PATH: /d/Qt/Qt5.3.2/5.3/mingw482_32/bin
PATH: /c/Program Files (x86)/RBTools/bin
PATH: /c/ProgramData/Oracle/Java/javapath
PATH: /c/Windows/system32
PATH: /c/Windows
PATH: /c/Windows/System32/Wbem
PATH: /c/Windows/System32/WindowsPowerShell/v1.0/
PATH: /c/Python27
PATH: /c/Program Files (x86)/GnuWin32/bin
PATH: /c/Program Files/TortoiseSVN/bin
PATH: /c/Program Files (x86)/Microsoft SQL Server/100/Tools/Binn/
PATH: /c/Program Files/Microsoft SQL Server/100/Tools/Binn/
PATH: /c/Program Files/Microsoft SQL Server/100/DTS/Binn/
PATH: /e/MATLAB/R2015b/bin
PATH: /f/opencv/build/x86/vc10/bin
PATH: /d/Android/android-ndk-r10d
PATH: /f/opencv/build/x86/vc10/bin
PATH: /c/Program Files (x86)/CMake/bin
PATH: /d/MyWorks/caffe-windows-master/3rdparty/bin
PATH: /d/Android/gradle-2.10/bin
PATH: /d/Android/apache-maven-3.3.9/bin
PATH: /c/Program Files/Microsoft SQL Server/110/Tools/Binn/
PATH: /d/Android/Anaconda2
PATH: /d/Android/Anaconda2/Scripts
PATH: /d/Android/Anaconda2/Library/bin
PATH: .


## ----------- ##
## Core tests. ##
## ----------- ##

configure:2043: checking for clang
configure:2073: result: no
configure:2082: checking for nvcc
configure:2112: result: no
configure:2119: checking neon
configure:2136: result: no
configure:2192: checking for gcc
configure:2208: found /d/Android/TDM-GCC-32/bin/gcc
configure:2219: result: gcc
configure:2448: checking for C compiler version
configure:2457: gcc --version >&5
gcc.exe (tdm-1) 5.1.0
Copyright (C) 2015 Free Software Foundation, Inc.
This is free software; see the source for copying conditions.  There is NO
warranty; not even for MERCHANTABILITY or FITNESS FOR A PARTICULAR PURPOSE.

configure:2468: $? = 0
configure:2457: gcc -v >&5
Using built-in specs.
COLLECT_GCC=d:\Android\TDM-GCC-32\bin\gcc.exe
COLLECT_LTO_WRAPPER=d:/Android/TDM-GCC-32/bin/../libexec/gcc/mingw32/5.1.0/lto-wrapper.exe
Target: mingw32
Configured with: ../../../src/gcc-5.1.0/configure --build=mingw32 --enable-languages=ada,c,c++,fortran,lto,objc,obj-c++ --enable-libgomp --enable-lto --enable-graphite --enable-libstdcxx-debug --enable-threads=posix --enable-version-specific-runtime-libs --enable-fully-dynamic-string --enable-libstdcxx-threads --enable-libstdcxx-time --with-gnu-ld --disable-werror --disable-nls --disable-win32-registry --disable-symvers --enable-cxx-flags='-fno-function-sections -fno-data-sections -DWINPTHREAD_STATIC' --prefix=/mingw32tdm --with-local-prefix=/mingw32tdm --with-pkgversion=tdm-1 --enable-sjlj-exceptions --with-bugurl=http://tdm-gcc.tdragon.net/bugs
Thread model: posix
gcc version 5.1.0 (tdm-1) 
configure:2468: $? = 0
configure:2457: gcc -V >&5
gcc.exe: error: unrecognized command line option '-V'
gcc.exe: fatal error: no input files
compilation terminated.
configure:2468: $? = 1
configure:2457: gcc -qversion >&5
gcc.exe: error: unrecognized command line option '-qversion'
gcc.exe: fatal error: no input files
compilation terminated.
configure:2468: $? = 1
configure:2488: checking whether the C compiler works
configure:2510: gcc    conftest.c  >&5
configure:2514: $? = 0
configure:2562: result: yes
configure:2565: checking for C compiler default output file name
configure:2567: result: a.exe
configure:2573: checking for suffix of executables
configure:2580: gcc -o conftest.exe    conftest.c  >&5
configure:2584: $? = 0
configure:2606: result: .exe
configure:2628: checking whether we are cross compiling
configure:2636: gcc -o conftest.exe    conftest.c  >&5
configure:2640: $? = 0
configure:2647: ./conftest.exe
configure:2651: $? = 0
configure:2666: result: no
configure:2671: checking for suffix of object files
configure:2693: gcc -c   conftest.c >&5
configure:2697: $? = 0
configure:2718: result: o
configure:2722: checking whether we are using the GNU C compiler
configure:2741: gcc -c   conftest.c >&5
configure:2741: $? = 0
configure:2750: result: yes
configure:2759: checking whether gcc accepts -g
configure:2779: gcc -c -g  conftest.c >&5
configure:2779: $? = 0
configure:2820: result: yes
configure:2837: checking for gcc option to accept ISO C89
configure:2900: gcc  -c -g -O2  conftest.c >&5
configure:2900: $? = 0
configure:2913: result: none needed
configure:2934: checking for sgemm in -lblas
configure:2959: gcc -o conftest.exe -g -O2   conftest.c -lblas   >&5
d:/Android/TDM-GCC-32/bin/../lib/gcc/mingw32/5.1.0/../../../../mingw32/bin/ld.exe: cannot find -lblas
collect2.exe: error: ld returned 1 exit status
configure:2959: $? = 1
configure: failed program was:
| /* confdefs.h */
| #define PACKAGE_NAME "libccv"
| #define PACKAGE_TARNAME "libccv"
| #define PACKAGE_VERSION "0.6"
| #define PACKAGE_STRING "libccv 0.6"
| #define PACKAGE_BUGREPORT ""
| #define PACKAGE_URL ""
| /* end confdefs.h.  */
| 
| /* Override any GCC internal prototype to avoid an error.
|    Use char because int might match the return type of a GCC
|    builtin and then its argument prototype would still apply.  */
| #ifdef __cplusplus
| extern "C"
| #endif
| char sgemm ();
| int
| main ()
| {
| return sgemm ();
|   ;
|   return 0;
| }
configure:2968: result: no
configure:2977: checking for ATL_xerbla in -latlas
configure:3002: gcc -o conftest.exe -g -O2   conftest.c -latlas   >&5
d:/Android/TDM-GCC-32/bin/../lib/gcc/mingw32/5.1.0/../../../../mingw32/bin/ld.exe: cannot find -latlas
collect2.exe: error: ld returned 1 exit status
configure:3002: $? = 1
configure: failed program was:
| /* confdefs.h */
| #define PACKAGE_NAME "libccv"
| #define PACKAGE_TARNAME "libccv"
| #define PACKAGE_VERSION "0.6"
| #define PACKAGE_STRING "libccv 0.6"
| #define PACKAGE_BUGREPORT ""
| #define PACKAGE_URL ""
| /* end confdefs.h.  */
| 
| /* Override any GCC internal prototype to avoid an error.
|    Use char because int might match the return type of a GCC
|    builtin and then its argument prototype would still apply.  */
| #ifdef __cplusplus
| extern "C"
| #endif
| char ATL_xerbla ();
| int
| main ()
| {
| return ATL_xerbla ();
|   ;
|   return 0;
| }
configure:3011: result: no
configure:3071: checking how to run the C preprocessor
configure:3102: gcc -E  conftest.c
configure:3102: $? = 0
configure:3116: gcc -E  conftest.c
conftest.c:9:28: fatal error: ac_nonexistent.h: No such file or directory
compilation terminated.
configure:3116: $? = 1
configure: failed program was:
| /* confdefs.h */
| #define PACKAGE_NAME "libccv"
| #define PACKAGE_TARNAME "libccv"
| #define PACKAGE_VERSION "0.6"
| #define PACKAGE_STRING "libccv 0.6"
| #define PACKAGE_BUGREPORT ""
| #define PACKAGE_URL ""
| /* end confdefs.h.  */
| #include <ac_nonexistent.h>
configure:3141: result: gcc -E
configure:3161: gcc -E  conftest.c
configure:3161: $? = 0
configure:3175: gcc -E  conftest.c
conftest.c:9:28: fatal error: ac_nonexistent.h: No such file or directory
compilation terminated.
configure:3175: $? = 1
configure: failed program was:
| /* confdefs.h */
| #define PACKAGE_NAME "libccv"
| #define PACKAGE_TARNAME "libccv"
| #define PACKAGE_VERSION "0.6"
| #define PACKAGE_STRING "libccv 0.6"
| #define PACKAGE_BUGREPORT ""
| #define PACKAGE_URL ""
| /* end confdefs.h.  */
| #include <ac_nonexistent.h>
configure:3204: checking for grep that handles long lines and -e
configure:3262: result: /bin/grep
configure:3267: checking for egrep
configure:3329: result: /bin/grep -E
configure:3334: checking for ANSI C header files
configure:3354: gcc -c -g -O2  conftest.c >&5
configure:3354: $? = 0
configure:3427: gcc -o conftest.exe -g -O2   conftest.c  >&5
configure:3427: $? = 0
configure:3427: ./conftest.exe
configure:3427: $? = 0
configure:3438: result: yes
configure:3451: checking for sys/types.h
configure:3451: gcc -c -g -O2  conftest.c >&5
configure:3451: $? = 0
configure:3451: result: yes
configure:3451: checking for sys/stat.h
configure:3451: gcc -c -g -O2  conftest.c >&5
configure:3451: $? = 0
configure:3451: result: yes
configure:3451: checking for stdlib.h
configure:3451: gcc -c -g -O2  conftest.c >&5
configure:3451: $? = 0
configure:3451: result: yes
configure:3451: checking for string.h
configure:3451: gcc -c -g -O2  conftest.c >&5
configure:3451: $? = 0
configure:3451: result: yes
configure:3451: checking for memory.h
configure:3451: gcc -c -g -O2  conftest.c >&5
configure:3451: $? = 0
configure:3451: result: yes
configure:3451: checking for strings.h
configure:3451: gcc -c -g -O2  conftest.c >&5
configure:3451: $? = 0
configure:3451: result: yes
configure:3451: checking for inttypes.h
configure:3451: gcc -c -g -O2  conftest.c >&5
configure:3451: $? = 0
configure:3451: result: yes
configure:3451: checking for stdint.h
configure:3451: gcc -c -g -O2  conftest.c >&5
configure:3451: $? = 0
configure:3451: result: yes
configure:3451: checking for unistd.h
configure:3451: gcc -c -g -O2  conftest.c >&5
configure:3451: $? = 0
configure:3451: result: yes
configure:3463: checking png.h usability
configure:3463: gcc -c -g -O2  conftest.c >&5
configure:3463: $? = 0
configure:3463: result: yes
configure:3463: checking png.h presence
configure:3463: gcc -E  conftest.c
configure:3463: $? = 0
configure:3463: result: yes
configure:3463: checking for png.h
configure:3463: result: yes
configure:3471: checking jpeglib.h usability
configure:3471: gcc -c -g -O2  conftest.c >&5
configure:3471: $? = 0
configure:3471: result: yes
configure:3471: checking jpeglib.h presence
configure:3471: gcc -E  conftest.c
configure:3471: $? = 0
configure:3471: result: yes
configure:3471: checking for jpeglib.h
configure:3471: result: yes
configure:3479: checking fftw3.h usability
configure:3479: gcc -c -g -O2  conftest.c >&5
configure:3479: $? = 0
configure:3479: result: yes
configure:3479: checking fftw3.h presence
configure:3479: gcc -E  conftest.c
configure:3479: $? = 0
configure:3479: result: yes
configure:3479: checking for fftw3.h
configure:3479: result: yes
configure:3487: checking linear.h usability
configure:3487: gcc -c -g -O2  conftest.c >&5
conftest.c:52:20: fatal error: linear.h: No such file or directory
compilation terminated.
configure:3487: $? = 1
configure: failed program was:
| /* confdefs.h */
| #define PACKAGE_NAME "libccv"
| #define PACKAGE_TARNAME "libccv"
| #define PACKAGE_VERSION "0.6"
| #define PACKAGE_STRING "libccv 0.6"
| #define PACKAGE_BUGREPORT ""
| #define PACKAGE_URL ""
| #define STDC_HEADERS 1
| #define HAVE_SYS_TYPES_H 1
| #define HAVE_SYS_STAT_H 1
| #define HAVE_STDLIB_H 1
| #define HAVE_STRING_H 1
| #define HAVE_MEMORY_H 1
| #define HAVE_STRINGS_H 1
| #define HAVE_INTTYPES_H 1
| #define HAVE_STDINT_H 1
| #define HAVE_UNISTD_H 1
| /* end confdefs.h.  */
| #include <stdio.h>
| #ifdef HAVE_SYS_TYPES_H
| # include <sys/types.h>
| #endif
| #ifdef HAVE_SYS_STAT_H
| # include <sys/stat.h>
| #endif
| #ifdef STDC_HEADERS
| # include <stdlib.h>
| # include <stddef.h>
| #else
| # ifdef HAVE_STDLIB_H
| #  include <stdlib.h>
| # endif
| #endif
| #ifdef HAVE_STRING_H
| # if !defined STDC_HEADERS && defined HAVE_MEMORY_H
| #  include <memory.h>
| # endif
| # include <string.h>
| #endif
| #ifdef HAVE_STRINGS_H
| # include <strings.h>
| #endif
| #ifdef HAVE_INTTYPES_H
| # include <inttypes.h>
| #endif
| #ifdef HAVE_STDINT_H
| # include <stdint.h>
| #endif
| #ifdef HAVE_UNISTD_H
| # include <unistd.h>
| #endif
| #include <linear.h>
configure:3487: result: no
configure:3487: checking linear.h presence
configure:3487: gcc -E  conftest.c
conftest.c:19:20: fatal error: linear.h: No such file or directory
compilation terminated.
configure:3487: $? = 1
configure: failed program was:
| /* confdefs.h */
| #define PACKAGE_NAME "libccv"
| #define PACKAGE_TARNAME "libccv"
| #define PACKAGE_VERSION "0.6"
| #define PACKAGE_STRING "libccv 0.6"
| #define PACKAGE_BUGREPORT ""
| #define PACKAGE_URL ""
| #define STDC_HEADERS 1
| #define HAVE_SYS_TYPES_H 1
| #define HAVE_SYS_STAT_H 1
| #define HAVE_STDLIB_H 1
| #define HAVE_STRING_H 1
| #define HAVE_MEMORY_H 1
| #define HAVE_STRINGS_H 1
| #define HAVE_INTTYPES_H 1
| #define HAVE_STDINT_H 1
| #define HAVE_UNISTD_H 1
| /* end confdefs.h.  */
| #include <linear.h>
configure:3487: result: no
configure:3487: checking for linear.h
configure:3487: result: no
configure:3495: checking tesseract/capi.h usability
configure:3495: gcc -c -g -O2  conftest.c >&5
conftest.c:52:28: fatal error: tesseract/capi.h: No such file or directory
compilation terminated.
configure:3495: $? = 1
configure: failed program was:
| /* confdefs.h */
| #define PACKAGE_NAME "libccv"
| #define PACKAGE_TARNAME "libccv"
| #define PACKAGE_VERSION "0.6"
| #define PACKAGE_STRING "libccv 0.6"
| #define PACKAGE_BUGREPORT ""
| #define PACKAGE_URL ""
| #define STDC_HEADERS 1
| #define HAVE_SYS_TYPES_H 1
| #define HAVE_SYS_STAT_H 1
| #define HAVE_STDLIB_H 1
| #define HAVE_STRING_H 1
| #define HAVE_MEMORY_H 1
| #define HAVE_STRINGS_H 1
| #define HAVE_INTTYPES_H 1
| #define HAVE_STDINT_H 1
| #define HAVE_UNISTD_H 1
| /* end confdefs.h.  */
| #include <stdio.h>
| #ifdef HAVE_SYS_TYPES_H
| # include <sys/types.h>
| #endif
| #ifdef HAVE_SYS_STAT_H
| # include <sys/stat.h>
| #endif
| #ifdef STDC_HEADERS
| # include <stdlib.h>
| # include <stddef.h>
| #else
| # ifdef HAVE_STDLIB_H
| #  include <stdlib.h>
| # endif
| #endif
| #ifdef HAVE_STRING_H
| # if !defined STDC_HEADERS && defined HAVE_MEMORY_H
| #  include <memory.h>
| # endif
| # include <string.h>
| #endif
| #ifdef HAVE_STRINGS_H
| # include <strings.h>
| #endif
| #ifdef HAVE_INTTYPES_H
| # include <inttypes.h>
| #endif
| #ifdef HAVE_STDINT_H
| # include <stdint.h>
| #endif
| #ifdef HAVE_UNISTD_H
| # include <unistd.h>
| #endif
| #include <tesseract/capi.h>
configure:3495: result: no
configure:3495: checking tesseract/capi.h presence
configure:3495: gcc -E  conftest.c
conftest.c:19:28: fatal error: tesseract/capi.h: No such file or directory
compilation terminated.
configure:3495: $? = 1
configure: failed program was:
| /* confdefs.h */
| #define PACKAGE_NAME "libccv"
| #define PACKAGE_TARNAME "libccv"
| #define PACKAGE_VERSION "0.6"
| #define PACKAGE_STRING "libccv 0.6"
| #define PACKAGE_BUGREPORT ""
| #define PACKAGE_URL ""
| #define STDC_HEADERS 1
| #define HAVE_SYS_TYPES_H 1
| #define HAVE_SYS_STAT_H 1
| #define HAVE_STDLIB_H 1
| #define HAVE_STRING_H 1
| #define HAVE_MEMORY_H 1
| #define HAVE_STRINGS_H 1
| #define HAVE_INTTYPES_H 1
| #define HAVE_STDINT_H 1
| #define HAVE_UNISTD_H 1
| /* end confdefs.h.  */
| #include <tesseract/capi.h>
configure:3495: result: no
configure:3495: checking for tesseract/capi.h
configure:3495: result: no
configure:3503: checking Accelerate/Accelerate.h usability
configure:3503: gcc -c -g -O2  conftest.c >&5
conftest.c:52:35: fatal error: Accelerate/Accelerate.h: No such file or directory
compilation terminated.
configure:3503: $? = 1
configure: failed program was:
| /* confdefs.h */
| #define PACKAGE_NAME "libccv"
| #define PACKAGE_TARNAME "libccv"
| #define PACKAGE_VERSION "0.6"
| #define PACKAGE_STRING "libccv 0.6"
| #define PACKAGE_BUGREPORT ""
| #define PACKAGE_URL ""
| #define STDC_HEADERS 1
| #define HAVE_SYS_TYPES_H 1
| #define HAVE_SYS_STAT_H 1
| #define HAVE_STDLIB_H 1
| #define HAVE_STRING_H 1
| #define HAVE_MEMORY_H 1
| #define HAVE_STRINGS_H 1
| #define HAVE_INTTYPES_H 1
| #define HAVE_STDINT_H 1
| #define HAVE_UNISTD_H 1
| /* end confdefs.h.  */
| #include <stdio.h>
| #ifdef HAVE_SYS_TYPES_H
| # include <sys/types.h>
| #endif
| #ifdef HAVE_SYS_STAT_H
| # include <sys/stat.h>
| #endif
| #ifdef STDC_HEADERS
| # include <stdlib.h>
| # include <stddef.h>
| #else
| # ifdef HAVE_STDLIB_H
| #  include <stdlib.h>
| # endif
| #endif
| #ifdef HAVE_STRING_H
| # if !defined STDC_HEADERS && defined HAVE_MEMORY_H
| #  include <memory.h>
| # endif
| # include <string.h>
| #endif
| #ifdef HAVE_STRINGS_H
| # include <strings.h>
| #endif
| #ifdef HAVE_INTTYPES_H
| # include <inttypes.h>
| #endif
| #ifdef HAVE_STDINT_H
| # include <stdint.h>
| #endif
| #ifdef HAVE_UNISTD_H
| # include <unistd.h>
| #endif
| #include <Accelerate/Accelerate.h>
configure:3503: result: no
configure:3503: checking Accelerate/Accelerate.h presence
configure:3503: gcc -E  conftest.c
conftest.c:19:35: fatal error: Accelerate/Accelerate.h: No such file or directory
compilation terminated.
configure:3503: $? = 1
configure: failed program was:
| /* confdefs.h */
| #define PACKAGE_NAME "libccv"
| #define PACKAGE_TARNAME "libccv"
| #define PACKAGE_VERSION "0.6"
| #define PACKAGE_STRING "libccv 0.6"
| #define PACKAGE_BUGREPORT ""
| #define PACKAGE_URL ""
| #define STDC_HEADERS 1
| #define HAVE_SYS_TYPES_H 1
| #define HAVE_SYS_STAT_H 1
| #define HAVE_STDLIB_H 1
| #define HAVE_STRING_H 1
| #define HAVE_MEMORY_H 1
| #define HAVE_STRINGS_H 1
| #define HAVE_INTTYPES_H 1
| #define HAVE_STDINT_H 1
| #define HAVE_UNISTD_H 1
| /* end confdefs.h.  */
| #include <Accelerate/Accelerate.h>
configure:3503: result: no
configure:3503: checking for Accelerate/Accelerate.h
configure:3503: result: no
configure:3511: checking libavcodec/avcodec.h usability
configure:3511: gcc -c -g -O2  conftest.c >&5
conftest.c:52:32: fatal error: libavcodec/avcodec.h: No such file or directory
compilation terminated.
configure:3511: $? = 1
configure: failed program was:
| /* confdefs.h */
| #define PACKAGE_NAME "libccv"
| #define PACKAGE_TARNAME "libccv"
| #define PACKAGE_VERSION "0.6"
| #define PACKAGE_STRING "libccv 0.6"
| #define PACKAGE_BUGREPORT ""
| #define PACKAGE_URL ""
| #define STDC_HEADERS 1
| #define HAVE_SYS_TYPES_H 1
| #define HAVE_SYS_STAT_H 1
| #define HAVE_STDLIB_H 1
| #define HAVE_STRING_H 1
| #define HAVE_MEMORY_H 1
| #define HAVE_STRINGS_H 1
| #define HAVE_INTTYPES_H 1
| #define HAVE_STDINT_H 1
| #define HAVE_UNISTD_H 1
| /* end confdefs.h.  */
| #include <stdio.h>
| #ifdef HAVE_SYS_TYPES_H
| # include <sys/types.h>
| #endif
| #ifdef HAVE_SYS_STAT_H
| # include <sys/stat.h>
| #endif
| #ifdef STDC_HEADERS
| # include <stdlib.h>
| # include <stddef.h>
| #else
| # ifdef HAVE_STDLIB_H
| #  include <stdlib.h>
| # endif
| #endif
| #ifdef HAVE_STRING_H
| # if !defined STDC_HEADERS && defined HAVE_MEMORY_H
| #  include <memory.h>
| # endif
| # include <string.h>
| #endif
| #ifdef HAVE_STRINGS_H
| # include <strings.h>
| #endif
| #ifdef HAVE_INTTYPES_H
| # include <inttypes.h>
| #endif
| #ifdef HAVE_STDINT_H
| # include <stdint.h>
| #endif
| #ifdef HAVE_UNISTD_H
| # include <unistd.h>
| #endif
| #include <libavcodec/avcodec.h>
configure:3511: result: no
configure:3511: checking libavcodec/avcodec.h presence
configure:3511: gcc -E  conftest.c
conftest.c:19:32: fatal error: libavcodec/avcodec.h: No such file or directory
compilation terminated.
configure:3511: $? = 1
configure: failed program was:
| /* confdefs.h */
| #define PACKAGE_NAME "libccv"
| #define PACKAGE_TARNAME "libccv"
| #define PACKAGE_VERSION "0.6"
| #define PACKAGE_STRING "libccv 0.6"
| #define PACKAGE_BUGREPORT ""
| #define PACKAGE_URL ""
| #define STDC_HEADERS 1
| #define HAVE_SYS_TYPES_H 1
| #define HAVE_SYS_STAT_H 1
| #define HAVE_STDLIB_H 1
| #define HAVE_STRING_H 1
| #define HAVE_MEMORY_H 1
| #define HAVE_STRINGS_H 1
| #define HAVE_INTTYPES_H 1
| #define HAVE_STDINT_H 1
| #define HAVE_UNISTD_H 1
| /* end confdefs.h.  */
| #include <libavcodec/avcodec.h>
configure:3511: result: no
configure:3511: checking for libavcodec/avcodec.h
configure:3511: result: no
configure:3519: checking libavformat/avformat.h usability
configure:3519: gcc -c -g -O2  conftest.c >&5
conftest.c:52:34: fatal error: libavformat/avformat.h: No such file or directory
compilation terminated.
configure:3519: $? = 1
configure: failed program was:
| /* confdefs.h */
| #define PACKAGE_NAME "libccv"
| #define PACKAGE_TARNAME "libccv"
| #define PACKAGE_VERSION "0.6"
| #define PACKAGE_STRING "libccv 0.6"
| #define PACKAGE_BUGREPORT ""
| #define PACKAGE_URL ""
| #define STDC_HEADERS 1
| #define HAVE_SYS_TYPES_H 1
| #define HAVE_SYS_STAT_H 1
| #define HAVE_STDLIB_H 1
| #define HAVE_STRING_H 1
| #define HAVE_MEMORY_H 1
| #define HAVE_STRINGS_H 1
| #define HAVE_INTTYPES_H 1
| #define HAVE_STDINT_H 1
| #define HAVE_UNISTD_H 1
| /* end confdefs.h.  */
| #include <stdio.h>
| #ifdef HAVE_SYS_TYPES_H
| # include <sys/types.h>
| #endif
| #ifdef HAVE_SYS_STAT_H
| # include <sys/stat.h>
| #endif
| #ifdef STDC_HEADERS
| # include <stdlib.h>
| # include <stddef.h>
| #else
| # ifdef HAVE_STDLIB_H
| #  include <stdlib.h>
| # endif
| #endif
| #ifdef HAVE_STRING_H
| # if !defined STDC_HEADERS && defined HAVE_MEMORY_H
| #  include <memory.h>
| # endif
| # include <string.h>
| #endif
| #ifdef HAVE_STRINGS_H
| # include <strings.h>
| #endif
| #ifdef HAVE_INTTYPES_H
| # include <inttypes.h>
| #endif
| #ifdef HAVE_STDINT_H
| # include <stdint.h>
| #endif
| #ifdef HAVE_UNISTD_H
| # include <unistd.h>
| #endif
| #include <libavformat/avformat.h>
configure:3519: result: no
configure:3519: checking libavformat/avformat.h presence
configure:3519: gcc -E  conftest.c
conftest.c:19:34: fatal error: libavformat/avformat.h: No such file or directory
compilation terminated.
configure:3519: $? = 1
configure: failed program was:
| /* confdefs.h */
| #define PACKAGE_NAME "libccv"
| #define PACKAGE_TARNAME "libccv"
| #define PACKAGE_VERSION "0.6"
| #define PACKAGE_STRING "libccv 0.6"
| #define PACKAGE_BUGREPORT ""
| #define PACKAGE_URL ""
| #define STDC_HEADERS 1
| #define HAVE_SYS_TYPES_H 1
| #define HAVE_SYS_STAT_H 1
| #define HAVE_STDLIB_H 1
| #define HAVE_STRING_H 1
| #define HAVE_MEMORY_H 1
| #define HAVE_STRINGS_H 1
| #define HAVE_INTTYPES_H 1
| #define HAVE_STDINT_H 1
| #define HAVE_UNISTD_H 1
| /* end confdefs.h.  */
| #include <libavformat/avformat.h>
configure:3519: result: no
configure:3519: checking for libavformat/avformat.h
configure:3519: result: no
configure:3527: checking libswscale/swscale.h usability
configure:3527: gcc -c -g -O2  conftest.c >&5
conftest.c:52:32: fatal error: libswscale/swscale.h: No such file or directory
compilation terminated.
configure:3527: $? = 1
configure: failed program was:
| /* confdefs.h */
| #define PACKAGE_NAME "libccv"
| #define PACKAGE_TARNAME "libccv"
| #define PACKAGE_VERSION "0.6"
| #define PACKAGE_STRING "libccv 0.6"
| #define PACKAGE_BUGREPORT ""
| #define PACKAGE_URL ""
| #define STDC_HEADERS 1
| #define HAVE_SYS_TYPES_H 1
| #define HAVE_SYS_STAT_H 1
| #define HAVE_STDLIB_H 1
| #define HAVE_STRING_H 1
| #define HAVE_MEMORY_H 1
| #define HAVE_STRINGS_H 1
| #define HAVE_INTTYPES_H 1
| #define HAVE_STDINT_H 1
| #define HAVE_UNISTD_H 1
| /* end confdefs.h.  */
| #include <stdio.h>
| #ifdef HAVE_SYS_TYPES_H
| # include <sys/types.h>
| #endif
| #ifdef HAVE_SYS_STAT_H
| # include <sys/stat.h>
| #endif
| #ifdef STDC_HEADERS
| # include <stdlib.h>
| # include <stddef.h>
| #else
| # ifdef HAVE_STDLIB_H
| #  include <stdlib.h>
| # endif
| #endif
| #ifdef HAVE_STRING_H
| # if !defined STDC_HEADERS && defined HAVE_MEMORY_H
| #  include <memory.h>
| # endif
| # include <string.h>
| #endif
| #ifdef HAVE_STRINGS_H
| # include <strings.h>
| #endif
| #ifdef HAVE_INTTYPES_H
| # include <inttypes.h>
| #endif
| #ifdef HAVE_STDINT_H
| # include <stdint.h>
| #endif
| #ifdef HAVE_UNISTD_H
| # include <unistd.h>
| #endif
| #include <libswscale/swscale.h>
configure:3527: result: no
configure:3527: checking libswscale/swscale.h presence
configure:3527: gcc -E  conftest.c
conftest.c:19:32: fatal error: libswscale/swscale.h: No such file or directory
compilation terminated.
configure:3527: $? = 1
configure: failed program was:
| /* confdefs.h */
| #define PACKAGE_NAME "libccv"
| #define PACKAGE_TARNAME "libccv"
| #define PACKAGE_VERSION "0.6"
| #define PACKAGE_STRING "libccv 0.6"
| #define PACKAGE_BUGREPORT ""
| #define PACKAGE_URL ""
| #define STDC_HEADERS 1
| #define HAVE_SYS_TYPES_H 1
| #define HAVE_SYS_STAT_H 1
| #define HAVE_STDLIB_H 1
| #define HAVE_STRING_H 1
| #define HAVE_MEMORY_H 1
| #define HAVE_STRINGS_H 1
| #define HAVE_INTTYPES_H 1
| #define HAVE_STDINT_H 1
| #define HAVE_UNISTD_H 1
| /* end confdefs.h.  */
| #include <libswscale/swscale.h>
configure:3527: result: no
configure:3527: checking for libswscale/swscale.h
configure:3527: result: no
configure:3589: checking xmmintrin.h usability
configure:3589: gcc -c -g -O2  conftest.c >&5
configure:3589: $? = 0
configure:3589: result: yes
configure:3589: checking xmmintrin.h presence
configure:3589: gcc -E  conftest.c
configure:3589: $? = 0
configure:3589: result: yes
configure:3589: checking for xmmintrin.h
configure:3589: result: yes
configure:3600: checking for cos in -lm
configure:3625: gcc -o conftest.exe -g -O2   conftest.c -lm   >&5
conftest.c:26:6: warning: conflicting types for built-in function 'cos'
 char cos ();
      ^
configure:3625: $? = 0
configure:3634: result: yes
configure:3645: checking for cblas_dgemm in -lgslcblas
configure:3670: gcc -o conftest.exe -g -O2   conftest.c -lgslcblas  -lm  >&5
configure:3670: $? = 0
configure:3679: result: yes
configure:3690: checking for gsl_blas_dgemm in -lgsl
configure:3715: gcc -o conftest.exe -g -O2   conftest.c -lgsl  -lgslcblas -lm  >&5
configure:3715: $? = 0
configure:3724: result: yes
configure:3734: checking cuda
configure:3763: result: no
configure:3948: creating ./config.status

## ---------------------- ##
## Running config.status. ##
## ---------------------- ##

This file was extended by libccv config.status 0.6, which was
generated by GNU Autoconf 2.69.  Invocation command line was

  CONFIG_FILES    = 
  CONFIG_HEADERS  = 
  CONFIG_LINKS    = 
  CONFIG_COMMANDS = 
  $ ./config.status 

on houwenbin-PC

config.status:729: creating config.mk

## ---------------- ##
## Cache variables. ##
## ---------------- ##

ac_cv_c_compiler_gnu=yes
ac_cv_env_CC_set=
ac_cv_env_CC_value=
ac_cv_env_CFLAGS_set=
ac_cv_env_CFLAGS_value=
ac_cv_env_CPPFLAGS_set=
ac_cv_env_CPPFLAGS_value=
ac_cv_env_CPP_set=
ac_cv_env_CPP_value=
ac_cv_env_LDFLAGS_set=
ac_cv_env_LDFLAGS_value=
ac_cv_env_LIBS_set=
ac_cv_env_LIBS_value=
ac_cv_env_build_alias_set=
ac_cv_env_build_alias_value=
ac_cv_env_host_alias_set=
ac_cv_env_host_alias_value=
ac_cv_env_target_alias_set=
ac_cv_env_target_alias_value=
ac_cv_exeext=.exe
ac_cv_header_Accelerate_Accelerate_h=no
ac_cv_header_fftw3_h=yes
ac_cv_header_inttypes_h=yes
ac_cv_header_jpeglib_h=yes
ac_cv_header_libavcodec_avcodec_h=no
ac_cv_header_libavformat_avformat_h=no
ac_cv_header_libswscale_swscale_h=no
ac_cv_header_linear_h=no
ac_cv_header_memory_h=yes
ac_cv_header_png_h=yes
ac_cv_header_stdc=yes
ac_cv_header_stdint_h=yes
ac_cv_header_stdlib_h=yes
ac_cv_header_string_h=yes
ac_cv_header_strings_h=yes
ac_cv_header_sys_stat_h=yes
ac_cv_header_sys_types_h=yes
ac_cv_header_tesseract_capi_h=no
ac_cv_header_unistd_h=yes
ac_cv_header_xmmintrin_h=yes
ac_cv_lib_atlas_ATL_xerbla=no
ac_cv_lib_blas_sgemm=no
ac_cv_lib_gsl_gsl_blas_dgemm=yes
ac_cv_lib_gslcblas_cblas_dgemm=yes
ac_cv_lib_m_cos=yes
ac_cv_objext=o
ac_cv_path_EGREP='/bin/grep -E'
ac_cv_path_GREP=/bin/grep
ac_cv_prog_CPP='gcc -E'
ac_cv_prog_ac_ct_CC=gcc
ac_cv_prog_cc_c89=
ac_cv_prog_cc_g=yes

## ----------------- ##
## Output variables. ##
## ----------------- ##

CC='gcc'
CFLAGS='-g -O2'
CPP='gcc -E'
CPPFLAGS=''
CUDA_OBJS=''
DEFINE_MACROS='-D HAVE_LIBPNG -D HAVE_LIBJPEG -D HAVE_FFTW3 -D HAVE_SSE2 -D HAVE_GSL'
DEFS='-DPACKAGE_NAME=\"libccv\" -DPACKAGE_TARNAME=\"libccv\" -DPACKAGE_VERSION=\"0.6\" -DPACKAGE_STRING=\"libccv\ 0.6\" -DPACKAGE_BUGREPORT=\"\" -DPACKAGE_URL=\"\" -DSTDC_HEADERS=1 -DHAVE_SYS_TYPES_H=1 -DHAVE_SYS_STAT_H=1 -DHAVE_STDLIB_H=1 -DHAVE_STRING_H=1 -DHAVE_MEMORY_H=1 -DHAVE_STRINGS_H=1 -DHAVE_INTTYPES_H=1 -DHAVE_STDINT_H=1 -DHAVE_UNISTD_H=1 -DHAVE_LIBM=1 -DHAVE_LIBGSLCBLAS=1'
DISCFLAGS='-msse2 -D HAVE_LIBPNG -D HAVE_LIBJPEG -D HAVE_FFTW3 -D HAVE_SSE2 -D HAVE_GSL'
ECHO_C=''
ECHO_N='-n'
ECHO_T=''
EGREP='/bin/grep -E'
EXEEXT='.exe'
GREP='/bin/grep'
LDFLAGS=''
LIBOBJS=''
LIBS='-lgslcblas -lm '
LTLIBOBJS=''
MKCFLAGS='-msse2 $(DEFINE_MACROS)'
MKLDFLAGS='-lm -lpng -ljpeg -lfftw3 -lfftw3f -lpthread -lgsl -lgslcblas'
NVCC=''
OBJEXT='o'
PACKAGE_BUGREPORT=''
PACKAGE_NAME='libccv'
PACKAGE_STRING='libccv 0.6'
PACKAGE_TARNAME='libccv'
PACKAGE_URL=''
PACKAGE_VERSION='0.6'
PATH_SEPARATOR=':'
SHELL='/bin/sh'
ac_ct_CC='gcc'
bindir='${exec_prefix}/bin'
build_alias=''
datadir='${datarootdir}'
datarootdir='${prefix}/share'
docdir='${datarootdir}/doc/${PACKAGE_TARNAME}'
dvidir='${docdir}'
exec_prefix='${prefix}'
host_alias=''
htmldir='${docdir}'
includedir='${prefix}/include'
infodir='${datarootdir}/info'
libdir='${exec_prefix}/lib'
libexecdir='${exec_prefix}/libexec'
localedir='${datarootdir}/locale'
localstatedir='${prefix}/var'
mandir='${datarootdir}/man'
oldincludedir='/usr/include'
pdfdir='${docdir}'
prefix='/usr/local'
program_transform_name='s,x,x,'
psdir='${docdir}'
sbindir='${exec_prefix}/sbin'
sharedstatedir='${prefix}/com'
sysconfdir='${prefix}/etc'
target_alias=''

## ----------- ##
## confdefs.h. ##
## ----------- ##

/* confdefs.h */
#define PACKAGE_NAME "libccv"
#define PACKAGE_TARNAME "libccv"
#define PACKAGE_VERSION "0.6"
#define PACKAGE_STRING "libccv 0.6"
#define PACKAGE_BUGREPORT ""
#define PACKAGE_URL ""
#define STDC_HEADERS 1
#define HAVE_SYS_TYPES_H 1
#define HAVE_SYS_STAT_H 1
#define HAVE_STDLIB_H 1
#define HAVE_STRING_H 1
#define HAVE_MEMORY_H 1
#define HAVE_STRINGS_H 1
#define HAVE_INTTYPES_H 1
#define HAVE_STDINT_H 1
#define HAVE_UNISTD_H 1
#define HAVE_LIBM 1
#define HAVE_LIBGSLCBLAS 1

configure: exit 0
